[ 20%] [32mBuilding CXX object CMakeFiles/mit_mini_cheeta_motor_driver.dir/src/MotorDriver.cpp.o[0m
[ 40%] [32mBuilding CXX object CMakeFiles/mit_mini_cheeta_motor_driver.dir/src/ROS2_CAN_Motor.cpp.o[0m
[01m[K/home/ws/src/mit_mini_cheeta_motor_driver/src/MotorDriver.cpp:21:54:[m[K [01;35m[Kwarning: [m[Kmissing terminating " character
   21 |         RCLCPP_ERROR(rclcpp::get_logger("CANMotor"), [01;35m[K"[m[KUnknown motor type: %s. Exiting)
      |                                                      [01;35m[K^[m[K
[01m[K/home/ws/src/mit_mini_cheeta_motor_driver/src/MotorDriver.cpp:21:54:[m[K [01;31m[Kerror: [m[Kmissing terminating " character
   21 |         RCLCPP_ERROR(rclcpp::get_logger("CANMotor"), [01;31m[K"Unknown motor type: %s. Exiting)[m[K
      |                                                      [01;31m[K^~~~~~~~~~~~~~~~~~~~~~~~~~~~~~~~~[m[K
[01m[K/home/ws/src/mit_mini_cheeta_motor_driver/src/MotorDriver.cpp:[m[K In function â€˜[01m[Kmotor_driver::MotorType motor_driver::[01;32m[KstringToMotorType[m[K(const std::string&)[m[Kâ€™:
[01m[K/home/ws/src/mit_mini_cheeta_motor_driver/src/MotorDriver.cpp:17:41:[m[K [01;31m[Kerror: [m[Kâ€˜[01m[KAK70_10_V1p1[m[Kâ€™ is not a member of â€˜[01m[Kmotor_driver::MotorType[m[Kâ€™
   17 |         return motor_driver::MotorType::[01;31m[KAK70_10_V1p1[m[K;
      |                                         [01;31m[K^~~~~~~~~~~~[m[K
[01m[K/home/ws/src/mit_mini_cheeta_motor_driver/src/MotorDriver.cpp:21:22:[m[K [01;31m[Kerror: [m[Kâ€˜[01m[Krclcpp[m[Kâ€™ has not been declared
   21 |         RCLCPP_ERROR([01;31m[Krclcpp[m[K::get_logger("CANMotor"), "Unknown motor type: %s. Exiting)
      |                      [01;31m[K^~~~~~[m[K
[01m[K/home/ws/src/mit_mini_cheeta_motor_driver/src/MotorDriver.cpp:23:13:[m[K [01;31m[Kerror: [m[Ktoo few arguments to function â€˜[01m[Kvoid[01;32m[K exit[m[K(int)[m[Kâ€™
   23 |         [01;31m[Kexit()[m[K;
      |         [01;31m[K~~~~^~[m[K
In file included from [01m[K/usr/include/c++/13/bits/std_abs.h:38[m[K,
                 from [01m[K/usr/include/c++/13/cmath:49[m[K,
                 from [01m[K/usr/include/c++/13/math.h:36[m[K,
                 from [01m[K/home/ws/src/mit_mini_cheeta_motor_driver/include/mit_mini_cheeta_motor_driver/MotorDriver.hpp:4[m[K,
                 from [01m[K/home/ws/src/mit_mini_cheeta_motor_driver/src/MotorDriver.cpp:1[m[K:
[01m[K/usr/include/stdlib.h:756:13:[m[K [01;36m[Knote: [m[Kdeclared here
  756 | extern void [01;36m[Kexit[m[K (int __status) __THROW __attribute__ ((__noreturn__));
      |             [01;36m[K^~~~[m[K
gmake[2]: *** [CMakeFiles/mit_mini_cheeta_motor_driver.dir/build.make:104: CMakeFiles/mit_mini_cheeta_motor_driver.dir/src/MotorDriver.cpp.o] Error 1
gmake[2]: *** Waiting for unfinished jobs....
gmake[1]: *** [CMakeFiles/Makefile2:137: CMakeFiles/mit_mini_cheeta_motor_driver.dir/all] Error 2
gmake: *** [Makefile:146: all] Error 2
